<?xml version="1.0" encoding="UTF-8"?>
<testsuite name="in.co.gorest.userinfo.UserCURDTestWithSteps" time="0.378" tests="4" errors="4" skipped="0" failures="0">
  <properties>
[...]
</properties>
  <testcase name="test001" classname="in.co.gorest.userinfo.UserCURDTestWithSteps" time="0.299">
    <error type="java.lang.NullPointerException:">java.lang.NullPointerException: null
	at in.co.gorest.userinfo.UserCURDTestWithSteps.test001(UserCURDTestWithSteps.java:31)
</error>
    <system-out><![CDATA[Property not found
]]></system-out>
    <system-err><![CDATA[278 [main] INFO net.serenitybdd.core.Serenity - 

-------------------------------------------------------------------------------------
     _______. _______ .______       _______ .__   __.  __  .___________.____    ____ 
    /       ||   ____||   _  \     |   ____||  \ |  | |  | |           |\   \  /   / 
   |   (----`|  |__   |  |_)  |    |  |__   |   \|  | |  | `---|  |----` \   \/   /  
    \   \    |   __|  |      /     |   __|  |  . `  | |  |     |  |       \_    _/   
.----)   |   |  |____ |  |\  \----.|  |____ |  |\   | |  |     |  |         |  |     
|_______/    |_______|| _| `._____||_______||__| \__| |__|     |__|         |__|    
-------------------------------------------------------------------------------------

720 [main] INFO net.serenitybdd.core.Serenity - Test Suite Started: User CURD test with steps
801 [main] INFO net.serenitybdd.core.Serenity - 
 _____ _____ ____ _____   ____ _____  _    ____ _____ _____ ____  
|_   _| ____/ ___|_   _| / ___|_   _|/ \  |  _ \_   _| ____|  _ \ 
  | | |  _| \___ \ | |   \___ \ | | / _ \ | |_) || | |  _| | | | |
  | | | |___ ___) || |    ___) || |/ ___ \|  _ < | | | |___| |_| |
  |_| |_____|____/ |_|   |____/ |_/_/   \_\_| \_\|_| |_____|____/ 
                                                                  

TEST STARTED: test001
-------------------------------------------------------------------
802 [main] INFO net.serenitybdd.core.Serenity - TEST NUMBER: 1
]]></system-err>
  </testcase>
  <testcase name="test002" classname="in.co.gorest.userinfo.UserCURDTestWithSteps" time="0.062">
    <error message="baseURI cannot be null" type="java.lang.IllegalArgumentException"><![CDATA[java.lang.IllegalArgumentException: baseURI cannot be null
	at io.restassured.internal.assertion.AssertParameter.notNull(AssertParameter.groovy:26)
	at io.restassured.internal.RequestSpecificationImpl.<init>(RequestSpecificationImpl.groovy:132)
	at io.restassured.RestAssured.createTestSpecification(RestAssured.java:1492)
	at io.restassured.RestAssured.given(RestAssured.java:711)
	at net.serenitybdd.rest.SerenityRest.given(SerenityRest.java:211)
	at in.co.gorest.userinfo.UserSteps.getUserInfoByFirstName(UserSteps.java:37)
	at in.co.gorest.userinfo.UserCURDTestWithSteps.test002(UserCURDTestWithSteps.java:38)
]]></error>
    <system-err><![CDATA[1200 [main] ERROR net.serenitybdd.core.Serenity - 
           __  _____ _____ ____ _____   _____ _    ___ _     _____ ____  
  _       / / |_   _| ____/ ___|_   _| |  ___/ \  |_ _| |   | ____|  _ \ 
 (_)_____| |    | | |  _| \___ \ | |   | |_ / _ \  | || |   |  _| | | | |
  _|_____| |    | | | |___ ___) || |   |  _/ ___ \ | || |___| |___| |_| |
 (_)     | |    |_| |_____|____/ |_|   |_|/_/   \_\___|_____|_____|____/ 
          \_\                                                            

TEST FAILED WITH ERROR: This will create a new user
---------------------------------------------------------------------
1411 [main] ERROR net.serenitybdd.core.Serenity - TEST FAILED AT STEP Creating user with Name : Aashvi Patel32596, email: 70024Aashvi@gmail.com,gender: female, status: active
1412 [main] ERROR net.serenitybdd.core.Serenity - baseURI cannot be null
1423 [main] INFO net.serenitybdd.core.Serenity - 
 _____ _____ ____ _____   ____ _____  _    ____ _____ _____ ____  
|_   _| ____/ ___|_   _| / ___|_   _|/ \  |  _ \_   _| ____|  _ \ 
  | | |  _| \___ \ | |   \___ \ | | / _ \ | |_) || | |  _| | | | |
  | | | |___ ___) || |    ___) || |/ ___ \|  _ < | | | |___| |_| |
  |_| |_____|____/ |_|   |____/ |_/_/   \_\_| \_\|_| |_____|____/ 
                                                                  

TEST STARTED: test002
-------------------------------------------------------------------
1426 [main] INFO net.serenitybdd.core.Serenity - TEST NUMBER: 2
]]></system-err>
  </testcase>
  <testcase name="test003" classname="in.co.gorest.userinfo.UserCURDTestWithSteps" time="0.009">
    <error type="java.lang.NullPointerException:">java.lang.NullPointerException: null
	at in.co.gorest.userinfo.UserCURDTestWithSteps.test003(UserCURDTestWithSteps.java:52)
</error>
    <system-err><![CDATA[1499 [main] ERROR net.serenitybdd.core.Serenity - 
           __  _____ _____ ____ _____   _____ _    ___ _     _____ ____  
  _       / / |_   _| ____/ ___|_   _| |  ___/ \  |_ _| |   | ____|  _ \ 
 (_)_____| |    | | |  _| \___ \ | |   | |_ / _ \  | || |   |  _| | | | |
  _|_____| |    | | | |___ ___) || |   |  _/ ___ \ | || |___| |___| |_| |
 (_)     | |    |_| |_____|____/ |_|   |_|/_/   \_\___|_____|_____|____/ 
          \_\                                                            

TEST FAILED WITH ERROR: Verify if the user was added to the application for name=Kiana Patel
---------------------------------------------------------------------
1505 [main] ERROR net.serenitybdd.core.Serenity - TEST FAILED AT STEP Getting the user information with name: Kiana Patel
1507 [main] ERROR net.serenitybdd.core.Serenity - baseURI cannot be null
1520 [main] INFO net.serenitybdd.core.Serenity - 
 _____ _____ ____ _____   ____ _____  _    ____ _____ _____ ____  
|_   _| ____/ ___|_   _| / ___|_   _|/ \  |  _ \_   _| ____|  _ \ 
  | | |  _| \___ \ | |   \___ \ | | / _ \ | |_) || | |  _| | | | |
  | | | |___ ___) || |    ___) || |/ ___ \|  _ < | | | |___| |_| |
  |_| |_____|____/ |_|   |____/ |_/_/   \_\_| \_\|_| |_____|____/ 
                                                                  

TEST STARTED: test003
-------------------------------------------------------------------
1520 [main] INFO net.serenitybdd.core.Serenity - TEST NUMBER: 3
]]></system-err>
  </testcase>
  <testcase name="test004" classname="in.co.gorest.userinfo.UserCURDTestWithSteps" time="0.008">
    <error type="java.lang.NullPointerException:">java.lang.NullPointerException: null
	at in.co.gorest.userinfo.UserCURDTestWithSteps.test004(UserCURDTestWithSteps.java:59)
</error>
    <system-err><![CDATA[1530 [main] ERROR net.serenitybdd.core.Serenity - 
           __  _____ _____ ____ _____   _____ _    ___ _     _____ ____  
  _       / / |_   _| ____/ ___|_   _| |  ___/ \  |_ _| |   | ____|  _ \ 
 (_)_____| |    | | |  _| \___ \ | |   | |_ / _ \  | || |   |  _| | | | |
  _|_____| |    | | | |___ ___) || |   |  _/ ___ \ | || |___| |___| |_| |
 (_)     | |    |_| |_____|____/ |_|   |_|/_/   \_\___|_____|_____|____/ 
          \_\                                                            

TEST FAILED WITH ERROR: Update the user information and verify the updated information for ID=3866
---------------------------------------------------------------------
1531 [main] ERROR net.serenitybdd.core.Serenity - TEST FAILED AT STEP Updating user information with userId: 3866, name: Praxali, email: Praxali@gmail.com, gender: female, status: active
1531 [main] ERROR net.serenitybdd.core.Serenity - baseURI cannot be null
1536 [main] INFO net.serenitybdd.core.Serenity - 
 _____ _____ ____ _____   ____ _____  _    ____ _____ _____ ____  
|_   _| ____/ ___|_   _| / ___|_   _|/ \  |  _ \_   _| ____|  _ \ 
  | | |  _| \___ \ | |   \___ \ | | / _ \ | |_) || | |  _| | | | |
  | | | |___ ___) || |    ___) || |/ ___ \|  _ < | | | |___| |_| |
  |_| |_____|____/ |_|   |____/ |_/_/   \_\_| \_\|_| |_____|____/ 
                                                                  

TEST STARTED: test004
-------------------------------------------------------------------
1536 [main] INFO net.serenitybdd.core.Serenity - TEST NUMBER: 4
]]></system-err>
  </testcase>
</testsuite>